Analysis & Synthesis report for task4
Mon Sep 26 10:08:46 2022
Quartus Prime Version 18.1.0 Build 625 09/12/2018 SJ Lite Edition


---------------------
; Table of Contents ;
---------------------
  1. Legal Notice
  2. Analysis & Synthesis Summary
  3. Analysis & Synthesis Settings
  4. Parallel Compilation
  5. Analysis & Synthesis Source Files Read
  6. Analysis & Synthesis Resource Usage Summary
  7. Analysis & Synthesis Resource Utilization by Entity
  8. General Register Statistics
  9. Multiplexer Restructuring Statistics (Restructuring Performed)
 10. Parameter Settings for Inferred Entity Instance: datapath:dp|scorehand:player_score|lpm_divide:Mod0
 11. Parameter Settings for Inferred Entity Instance: datapath:dp|scorehand:dealer_score|lpm_divide:Mod0
 12. Post-Synthesis Netlist Statistics for Top Partition
 13. Elapsed Time Per Partition
 14. Analysis & Synthesis Messages
 15. Analysis & Synthesis Suppressed Messages



----------------
; Legal Notice ;
----------------
Copyright (C) 2018  Intel Corporation. All rights reserved.
Your use of Intel Corporation's design tools, logic functions 
and other software and tools, and its AMPP partner logic 
functions, and any output files from any of the foregoing 
(including device programming or simulation files), and any 
associated documentation or information are expressly subject 
to the terms and conditions of the Intel Program License 
Subscription Agreement, the Intel Quartus Prime License Agreement,
the Intel FPGA IP License Agreement, or other applicable license
agreement, including, without limitation, that your use is for
the sole purpose of programming logic devices manufactured by
Intel and sold by Intel or its authorized distributors.  Please
refer to the applicable agreement for further details.



+-------------------------------------------------------------------------------+
; Analysis & Synthesis Summary                                                  ;
+---------------------------------+---------------------------------------------+
; Analysis & Synthesis Status     ; Successful - Mon Sep 26 10:08:46 2022       ;
; Quartus Prime Version           ; 18.1.0 Build 625 09/12/2018 SJ Lite Edition ;
; Revision Name                   ; task4                                       ;
; Top-level Entity Name           ; task4                                       ;
; Family                          ; Cyclone V                                   ;
; Logic utilization (in ALMs)     ; N/A                                         ;
; Total registers                 ; 31                                          ;
; Total pins                      ; 57                                          ;
; Total virtual pins              ; 0                                           ;
; Total block memory bits         ; 0                                           ;
; Total DSP Blocks                ; 0                                           ;
; Total HSSI RX PCSs              ; 0                                           ;
; Total HSSI PMA RX Deserializers ; 0                                           ;
; Total HSSI TX PCSs              ; 0                                           ;
; Total HSSI PMA TX Serializers   ; 0                                           ;
; Total PLLs                      ; 0                                           ;
; Total DLLs                      ; 0                                           ;
+---------------------------------+---------------------------------------------+


+---------------------------------------------------------------------------------------------------------------------------+
; Analysis & Synthesis Settings                                                                                             ;
+---------------------------------------------------------------------------------+--------------------+--------------------+
; Option                                                                          ; Setting            ; Default Value      ;
+---------------------------------------------------------------------------------+--------------------+--------------------+
; Device                                                                          ; 5CSEMA5F31C6       ;                    ;
; Top-level entity name                                                           ; task4              ; task4              ;
; Family name                                                                     ; Cyclone V          ; Cyclone V          ;
; Use smart compilation                                                           ; Off                ; Off                ;
; Enable parallel Assembler and Timing Analyzer during compilation                ; On                 ; On                 ;
; Enable compact report table                                                     ; Off                ; Off                ;
; Restructure Multiplexers                                                        ; Auto               ; Auto               ;
; MLAB Add Timing Constraints For Mixed-Port Feed-Through Mode Setting Don't Care ; Off                ; Off                ;
; Create Debugging Nodes for IP Cores                                             ; Off                ; Off                ;
; Preserve fewer node names                                                       ; On                 ; On                 ;
; Intel FPGA IP Evaluation Mode                                                   ; Enable             ; Enable             ;
; Verilog Version                                                                 ; Verilog_2001       ; Verilog_2001       ;
; VHDL Version                                                                    ; VHDL_1993          ; VHDL_1993          ;
; State Machine Processing                                                        ; Auto               ; Auto               ;
; Safe State Machine                                                              ; Off                ; Off                ;
; Extract Verilog State Machines                                                  ; On                 ; On                 ;
; Extract VHDL State Machines                                                     ; On                 ; On                 ;
; Ignore Verilog initial constructs                                               ; Off                ; Off                ;
; Iteration limit for constant Verilog loops                                      ; 5000               ; 5000               ;
; Iteration limit for non-constant Verilog loops                                  ; 250                ; 250                ;
; Add Pass-Through Logic to Inferred RAMs                                         ; On                 ; On                 ;
; Infer RAMs from Raw Logic                                                       ; On                 ; On                 ;
; Parallel Synthesis                                                              ; On                 ; On                 ;
; DSP Block Balancing                                                             ; Auto               ; Auto               ;
; NOT Gate Push-Back                                                              ; On                 ; On                 ;
; Power-Up Don't Care                                                             ; On                 ; On                 ;
; Remove Redundant Logic Cells                                                    ; Off                ; Off                ;
; Remove Duplicate Registers                                                      ; On                 ; On                 ;
; Ignore CARRY Buffers                                                            ; Off                ; Off                ;
; Ignore CASCADE Buffers                                                          ; Off                ; Off                ;
; Ignore GLOBAL Buffers                                                           ; Off                ; Off                ;
; Ignore ROW GLOBAL Buffers                                                       ; Off                ; Off                ;
; Ignore LCELL Buffers                                                            ; Off                ; Off                ;
; Ignore SOFT Buffers                                                             ; On                 ; On                 ;
; Limit AHDL Integers to 32 Bits                                                  ; Off                ; Off                ;
; Optimization Technique                                                          ; Balanced           ; Balanced           ;
; Carry Chain Length                                                              ; 70                 ; 70                 ;
; Auto Carry Chains                                                               ; On                 ; On                 ;
; Auto Open-Drain Pins                                                            ; On                 ; On                 ;
; Perform WYSIWYG Primitive Resynthesis                                           ; Off                ; Off                ;
; Auto ROM Replacement                                                            ; On                 ; On                 ;
; Auto RAM Replacement                                                            ; On                 ; On                 ;
; Auto DSP Block Replacement                                                      ; On                 ; On                 ;
; Auto Shift Register Replacement                                                 ; Auto               ; Auto               ;
; Allow Shift Register Merging across Hierarchies                                 ; Auto               ; Auto               ;
; Auto Clock Enable Replacement                                                   ; On                 ; On                 ;
; Strict RAM Replacement                                                          ; Off                ; Off                ;
; Allow Synchronous Control Signals                                               ; On                 ; On                 ;
; Force Use of Synchronous Clear Signals                                          ; Off                ; Off                ;
; Auto Resource Sharing                                                           ; Off                ; Off                ;
; Allow Any RAM Size For Recognition                                              ; Off                ; Off                ;
; Allow Any ROM Size For Recognition                                              ; Off                ; Off                ;
; Allow Any Shift Register Size For Recognition                                   ; Off                ; Off                ;
; Use LogicLock Constraints during Resource Balancing                             ; On                 ; On                 ;
; Ignore translate_off and synthesis_off directives                               ; Off                ; Off                ;
; Timing-Driven Synthesis                                                         ; On                 ; On                 ;
; Report Parameter Settings                                                       ; On                 ; On                 ;
; Report Source Assignments                                                       ; On                 ; On                 ;
; Report Connectivity Checks                                                      ; On                 ; On                 ;
; Ignore Maximum Fan-Out Assignments                                              ; Off                ; Off                ;
; Synchronization Register Chain Length                                           ; 3                  ; 3                  ;
; Power Optimization During Synthesis                                             ; Normal compilation ; Normal compilation ;
; HDL message level                                                               ; Level2             ; Level2             ;
; Suppress Register Optimization Related Messages                                 ; Off                ; Off                ;
; Number of Removed Registers Reported in Synthesis Report                        ; 5000               ; 5000               ;
; Number of Swept Nodes Reported in Synthesis Report                              ; 5000               ; 5000               ;
; Number of Inverted Registers Reported in Synthesis Report                       ; 100                ; 100                ;
; Clock MUX Protection                                                            ; On                 ; On                 ;
; Auto Gated Clock Conversion                                                     ; Off                ; Off                ;
; Block Design Naming                                                             ; Auto               ; Auto               ;
; SDC constraint protection                                                       ; Off                ; Off                ;
; Synthesis Effort                                                                ; Auto               ; Auto               ;
; Shift Register Replacement - Allow Asynchronous Clear Signal                    ; On                 ; On                 ;
; Pre-Mapping Resynthesis Optimization                                            ; Off                ; Off                ;
; Analysis & Synthesis Message Level                                              ; Medium             ; Medium             ;
; Disable Register Merging Across Hierarchies                                     ; Auto               ; Auto               ;
; Resource Aware Inference For Block RAM                                          ; On                 ; On                 ;
; Automatic Parallel Synthesis                                                    ; On                 ; On                 ;
; Partial Reconfiguration Bitstream ID                                            ; Off                ; Off                ;
+---------------------------------------------------------------------------------+--------------------+--------------------+


+------------------------------------------+
; Parallel Compilation                     ;
+----------------------------+-------------+
; Processors                 ; Number      ;
+----------------------------+-------------+
; Number detected on machine ; 12          ;
; Maximum allowed            ; 6           ;
;                            ;             ;
; Average used               ; 1.00        ;
; Maximum used               ; 6           ;
;                            ;             ;
; Usage by Processor         ; % Time Used ;
;     Processor 1            ; 100.0%      ;
;     Processors 2-6         ;   0.0%      ;
+----------------------------+-------------+


+-----------------------------------------------------------------------------------------------------------------------------------------------------------------------------------------------------+
; Analysis & Synthesis Source Files Read                                                                                                                                                              ;
+----------------------------------------------+-----------------+------------------------------+-------------------------------------------------------------------------------------------+---------+
; File Name with User-Entered Path             ; Used in Netlist ; File Type                    ; File Name with Absolute Path                                                              ; Library ;
+----------------------------------------------+-----------------+------------------------------+-------------------------------------------------------------------------------------------+---------+
; 2022w1-lab1-JohnYe-ubc/task4/task4.sv        ; yes             ; User SystemVerilog HDL File  ; C:/Users/weiya/OneDrive/Desktop/CPEN311/lab1/2022w1-lab1-JohnYe-ubc/task4/task4.sv        ;         ;
; 2022w1-lab1-JohnYe-ubc/task4/statemachine.sv ; yes             ; User SystemVerilog HDL File  ; C:/Users/weiya/OneDrive/Desktop/CPEN311/lab1/2022w1-lab1-JohnYe-ubc/task4/statemachine.sv ;         ;
; 2022w1-lab1-JohnYe-ubc/task4/scorehand.sv    ; yes             ; User SystemVerilog HDL File  ; C:/Users/weiya/OneDrive/Desktop/CPEN311/lab1/2022w1-lab1-JohnYe-ubc/task4/scorehand.sv    ;         ;
; 2022w1-lab1-JohnYe-ubc/task4/dealcard.sv     ; yes             ; User SystemVerilog HDL File  ; C:/Users/weiya/OneDrive/Desktop/CPEN311/lab1/2022w1-lab1-JohnYe-ubc/task4/dealcard.sv     ;         ;
; 2022w1-lab1-JohnYe-ubc/task4/datapath.sv     ; yes             ; User SystemVerilog HDL File  ; C:/Users/weiya/OneDrive/Desktop/CPEN311/lab1/2022w1-lab1-JohnYe-ubc/task4/datapath.sv     ;         ;
; 2022w1-lab1-JohnYe-ubc/task4/card7seg.sv     ; yes             ; User SystemVerilog HDL File  ; C:/Users/weiya/OneDrive/Desktop/CPEN311/lab1/2022w1-lab1-JohnYe-ubc/task4/card7seg.sv     ;         ;
; lpm_divide.tdf                               ; yes             ; Megafunction                 ; c:/intelfpga_lite/18.1/quartus/libraries/megafunctions/lpm_divide.tdf                     ;         ;
; abs_divider.inc                              ; yes             ; Megafunction                 ; c:/intelfpga_lite/18.1/quartus/libraries/megafunctions/abs_divider.inc                    ;         ;
; sign_div_unsign.inc                          ; yes             ; Megafunction                 ; c:/intelfpga_lite/18.1/quartus/libraries/megafunctions/sign_div_unsign.inc                ;         ;
; aglobal181.inc                               ; yes             ; Megafunction                 ; c:/intelfpga_lite/18.1/quartus/libraries/megafunctions/aglobal181.inc                     ;         ;
; db/lpm_divide_52m.tdf                        ; yes             ; Auto-Generated Megafunction  ; C:/Users/weiya/OneDrive/Desktop/CPEN311/lab1/db/lpm_divide_52m.tdf                        ;         ;
; db/sign_div_unsign_8kh.tdf                   ; yes             ; Auto-Generated Megafunction  ; C:/Users/weiya/OneDrive/Desktop/CPEN311/lab1/db/sign_div_unsign_8kh.tdf                   ;         ;
; db/alt_u_div_mse.tdf                         ; yes             ; Auto-Generated Megafunction  ; C:/Users/weiya/OneDrive/Desktop/CPEN311/lab1/db/alt_u_div_mse.tdf                         ;         ;
+----------------------------------------------+-----------------+------------------------------+-------------------------------------------------------------------------------------------+---------+


+------------------------------------------------------------+
; Analysis & Synthesis Resource Usage Summary                ;
+---------------------------------------------+--------------+
; Resource                                    ; Usage        ;
+---------------------------------------------+--------------+
; Estimate of Logic utilization (ALMs needed) ; 81           ;
;                                             ;              ;
; Combinational ALUT usage for logic          ; 149          ;
;     -- 7 input functions                    ; 0            ;
;     -- 6 input functions                    ; 9            ;
;     -- 5 input functions                    ; 6            ;
;     -- 4 input functions                    ; 60           ;
;     -- <=3 input functions                  ; 74           ;
;                                             ;              ;
; Dedicated logic registers                   ; 31           ;
;                                             ;              ;
; I/O pins                                    ; 57           ;
;                                             ;              ;
; Total DSP Blocks                            ; 0            ;
;                                             ;              ;
; Maximum fan-out node                        ; KEY[0]~input ;
; Maximum fan-out                             ; 27           ;
; Total fan-out                               ; 701          ;
; Average fan-out                             ; 2.38         ;
+---------------------------------------------+--------------+


+----------------------------------------------------------------------------------------------------------------------------------------------------------------------------------------------------------------------------------------------------------------------------------------------------------------------------------------+
; Analysis & Synthesis Resource Utilization by Entity                                                                                                                                                                                                                                                                                    ;
+----------------------------------------------+---------------------+---------------------------+-------------------+------------+------+--------------+-------------------------------------------------------------------------------------------------------------------------------------------+---------------------+--------------+
; Compilation Hierarchy Node                   ; Combinational ALUTs ; Dedicated Logic Registers ; Block Memory Bits ; DSP Blocks ; Pins ; Virtual Pins ; Full Hierarchy Name                                                                                                                       ; Entity Name         ; Library Name ;
+----------------------------------------------+---------------------+---------------------------+-------------------+------------+------+--------------+-------------------------------------------------------------------------------------------------------------------------------------------+---------------------+--------------+
; |task4                                       ; 149 (0)             ; 31 (0)                    ; 0                 ; 0          ; 57   ; 0            ; |task4                                                                                                                                    ; task4               ; work         ;
;    |datapath:dp|                             ; 133 (0)             ; 28 (0)                    ; 0                 ; 0          ; 0    ; 0            ; |task4|datapath:dp                                                                                                                        ; datapath            ; work         ;
;       |bits4register:Load_dcard1|            ; 1 (1)               ; 4 (4)                     ; 0                 ; 0          ; 0    ; 0            ; |task4|datapath:dp|bits4register:Load_dcard1                                                                                              ; bits4register       ; work         ;
;       |bits4register:Load_dcard2|            ; 1 (1)               ; 4 (4)                     ; 0                 ; 0          ; 0    ; 0            ; |task4|datapath:dp|bits4register:Load_dcard2                                                                                              ; bits4register       ; work         ;
;       |bits4register:Load_dcard3|            ; 5 (5)               ; 4 (4)                     ; 0                 ; 0          ; 0    ; 0            ; |task4|datapath:dp|bits4register:Load_dcard3                                                                                              ; bits4register       ; work         ;
;       |bits4register:Load_pcard1|            ; 1 (1)               ; 4 (4)                     ; 0                 ; 0          ; 0    ; 0            ; |task4|datapath:dp|bits4register:Load_pcard1                                                                                              ; bits4register       ; work         ;
;       |bits4register:Load_pcard2|            ; 1 (1)               ; 4 (4)                     ; 0                 ; 0          ; 0    ; 0            ; |task4|datapath:dp|bits4register:Load_pcard2                                                                                              ; bits4register       ; work         ;
;       |bits4register:Load_pcard3|            ; 1 (1)               ; 4 (4)                     ; 0                 ; 0          ; 0    ; 0            ; |task4|datapath:dp|bits4register:Load_pcard3                                                                                              ; bits4register       ; work         ;
;       |card7seg:display_dcard1|              ; 7 (7)               ; 0 (0)                     ; 0                 ; 0          ; 0    ; 0            ; |task4|datapath:dp|card7seg:display_dcard1                                                                                                ; card7seg            ; work         ;
;       |card7seg:display_dcard2|              ; 7 (7)               ; 0 (0)                     ; 0                 ; 0          ; 0    ; 0            ; |task4|datapath:dp|card7seg:display_dcard2                                                                                                ; card7seg            ; work         ;
;       |card7seg:display_dcard3|              ; 7 (7)               ; 0 (0)                     ; 0                 ; 0          ; 0    ; 0            ; |task4|datapath:dp|card7seg:display_dcard3                                                                                                ; card7seg            ; work         ;
;       |card7seg:display_pcard1|              ; 7 (7)               ; 0 (0)                     ; 0                 ; 0          ; 0    ; 0            ; |task4|datapath:dp|card7seg:display_pcard1                                                                                                ; card7seg            ; work         ;
;       |card7seg:display_pcard2|              ; 7 (7)               ; 0 (0)                     ; 0                 ; 0          ; 0    ; 0            ; |task4|datapath:dp|card7seg:display_pcard2                                                                                                ; card7seg            ; work         ;
;       |card7seg:display_pcard3|              ; 7 (7)               ; 0 (0)                     ; 0                 ; 0          ; 0    ; 0            ; |task4|datapath:dp|card7seg:display_pcard3                                                                                                ; card7seg            ; work         ;
;       |dealcard:New_card|                    ; 4 (4)               ; 4 (4)                     ; 0                 ; 0          ; 0    ; 0            ; |task4|datapath:dp|dealcard:New_card                                                                                                      ; dealcard            ; work         ;
;       |scorehand:dealer_score|               ; 38 (17)             ; 0 (0)                     ; 0                 ; 0          ; 0    ; 0            ; |task4|datapath:dp|scorehand:dealer_score                                                                                                 ; scorehand           ; work         ;
;          |lpm_divide:Mod0|                   ; 21 (0)              ; 0 (0)                     ; 0                 ; 0          ; 0    ; 0            ; |task4|datapath:dp|scorehand:dealer_score|lpm_divide:Mod0                                                                                 ; lpm_divide          ; work         ;
;             |lpm_divide_52m:auto_generated|  ; 21 (0)              ; 0 (0)                     ; 0                 ; 0          ; 0    ; 0            ; |task4|datapath:dp|scorehand:dealer_score|lpm_divide:Mod0|lpm_divide_52m:auto_generated                                                   ; lpm_divide_52m      ; work         ;
;                |sign_div_unsign_8kh:divider| ; 21 (0)              ; 0 (0)                     ; 0                 ; 0          ; 0    ; 0            ; |task4|datapath:dp|scorehand:dealer_score|lpm_divide:Mod0|lpm_divide_52m:auto_generated|sign_div_unsign_8kh:divider                       ; sign_div_unsign_8kh ; work         ;
;                   |alt_u_div_mse:divider|    ; 21 (21)             ; 0 (0)                     ; 0                 ; 0          ; 0    ; 0            ; |task4|datapath:dp|scorehand:dealer_score|lpm_divide:Mod0|lpm_divide_52m:auto_generated|sign_div_unsign_8kh:divider|alt_u_div_mse:divider ; alt_u_div_mse       ; work         ;
;       |scorehand:player_score|               ; 39 (17)             ; 0 (0)                     ; 0                 ; 0          ; 0    ; 0            ; |task4|datapath:dp|scorehand:player_score                                                                                                 ; scorehand           ; work         ;
;          |lpm_divide:Mod0|                   ; 22 (0)              ; 0 (0)                     ; 0                 ; 0          ; 0    ; 0            ; |task4|datapath:dp|scorehand:player_score|lpm_divide:Mod0                                                                                 ; lpm_divide          ; work         ;
;             |lpm_divide_52m:auto_generated|  ; 22 (0)              ; 0 (0)                     ; 0                 ; 0          ; 0    ; 0            ; |task4|datapath:dp|scorehand:player_score|lpm_divide:Mod0|lpm_divide_52m:auto_generated                                                   ; lpm_divide_52m      ; work         ;
;                |sign_div_unsign_8kh:divider| ; 22 (0)              ; 0 (0)                     ; 0                 ; 0          ; 0    ; 0            ; |task4|datapath:dp|scorehand:player_score|lpm_divide:Mod0|lpm_divide_52m:auto_generated|sign_div_unsign_8kh:divider                       ; sign_div_unsign_8kh ; work         ;
;                   |alt_u_div_mse:divider|    ; 22 (22)             ; 0 (0)                     ; 0                 ; 0          ; 0    ; 0            ; |task4|datapath:dp|scorehand:player_score|lpm_divide:Mod0|lpm_divide_52m:auto_generated|sign_div_unsign_8kh:divider|alt_u_div_mse:divider ; alt_u_div_mse       ; work         ;
;    |statemachine:sm|                         ; 16 (16)             ; 3 (0)                     ; 0                 ; 0          ; 0    ; 0            ; |task4|statemachine:sm                                                                                                                    ; statemachine        ; work         ;
;       |statesmachine:FSM|                    ; 0 (0)               ; 3 (3)                     ; 0                 ; 0          ; 0    ; 0            ; |task4|statemachine:sm|statesmachine:FSM                                                                                                  ; statesmachine       ; work         ;
+----------------------------------------------+---------------------+---------------------------+-------------------+------------+------+--------------+-------------------------------------------------------------------------------------------------------------------------------------------+---------------------+--------------+
Note: For table entries with two numbers listed, the numbers in parentheses indicate the number of resources of the given type used by the specific entity alone. The numbers listed outside of parentheses indicate the total resources of the given type used by the specific entity and all of its sub-entities in the hierarchy.


+------------------------------------------------------+
; General Register Statistics                          ;
+----------------------------------------------+-------+
; Statistic                                    ; Value ;
+----------------------------------------------+-------+
; Total registers                              ; 31    ;
; Number of registers using Synchronous Clear  ; 3     ;
; Number of registers using Synchronous Load   ; 1     ;
; Number of registers using Asynchronous Clear ; 0     ;
; Number of registers using Asynchronous Load  ; 0     ;
; Number of registers using Clock Enable       ; 24    ;
; Number of registers using Preset             ; 0     ;
+----------------------------------------------+-------+


+-------------------------------------------------------------------------------------------------------------------------------------------------------------------+
; Multiplexer Restructuring Statistics (Restructuring Performed)                                                                                                    ;
+--------------------+-----------+---------------+----------------------+------------------------+------------+-----------------------------------------------------+
; Multiplexer Inputs ; Bus Width ; Baseline Area ; Area if Restructured ; Saving if Restructured ; Registered ; Example Multiplexer Output                          ;
+--------------------+-----------+---------------+----------------------+------------------------+------------+-----------------------------------------------------+
; 3:1                ; 4 bits    ; 8 LEs         ; 4 LEs                ; 4 LEs                  ; Yes        ; |task4|datapath:dp|bits4register:Load_pcard1|out[3] ;
; 3:1                ; 4 bits    ; 8 LEs         ; 4 LEs                ; 4 LEs                  ; Yes        ; |task4|datapath:dp|bits4register:Load_pcard2|out[3] ;
; 3:1                ; 4 bits    ; 8 LEs         ; 4 LEs                ; 4 LEs                  ; Yes        ; |task4|datapath:dp|bits4register:Load_dcard1|out[1] ;
; 3:1                ; 4 bits    ; 8 LEs         ; 4 LEs                ; 4 LEs                  ; Yes        ; |task4|datapath:dp|bits4register:Load_dcard2|out[3] ;
; 3:1                ; 4 bits    ; 8 LEs         ; 4 LEs                ; 4 LEs                  ; Yes        ; |task4|datapath:dp|bits4register:Load_dcard3|out[3] ;
; 3:1                ; 4 bits    ; 8 LEs         ; 4 LEs                ; 4 LEs                  ; Yes        ; |task4|datapath:dp|bits4register:Load_pcard3|out[2] ;
; 3:1                ; 3 bits    ; 6 LEs         ; 6 LEs                ; 0 LEs                  ; Yes        ; |task4|datapath:dp|dealcard:New_card|dealer_card[1] ;
+--------------------+-----------+---------------+----------------------+------------------------+------------+-----------------------------------------------------+


+-----------------------------------------------------------------------------------------------------+
; Parameter Settings for Inferred Entity Instance: datapath:dp|scorehand:player_score|lpm_divide:Mod0 ;
+------------------------+----------------+-----------------------------------------------------------+
; Parameter Name         ; Value          ; Type                                                      ;
+------------------------+----------------+-----------------------------------------------------------+
; LPM_WIDTHN             ; 5              ; Untyped                                                   ;
; LPM_WIDTHD             ; 4              ; Untyped                                                   ;
; LPM_NREPRESENTATION    ; UNSIGNED       ; Untyped                                                   ;
; LPM_DREPRESENTATION    ; UNSIGNED       ; Untyped                                                   ;
; LPM_PIPELINE           ; 0              ; Untyped                                                   ;
; LPM_REMAINDERPOSITIVE  ; TRUE           ; Untyped                                                   ;
; MAXIMIZE_SPEED         ; 5              ; Untyped                                                   ;
; CBXI_PARAMETER         ; lpm_divide_52m ; Untyped                                                   ;
; CARRY_CHAIN            ; MANUAL         ; Untyped                                                   ;
; OPTIMIZE_FOR_SPEED     ; 5              ; Untyped                                                   ;
; AUTO_CARRY_CHAINS      ; ON             ; AUTO_CARRY                                                ;
; IGNORE_CARRY_BUFFERS   ; OFF            ; IGNORE_CARRY                                              ;
; AUTO_CASCADE_CHAINS    ; ON             ; AUTO_CASCADE                                              ;
; IGNORE_CASCADE_BUFFERS ; OFF            ; IGNORE_CASCADE                                            ;
+------------------------+----------------+-----------------------------------------------------------+
Note: In order to hide this table in the UI and the text report file, please set the "Show Parameter Settings in Synthesis Report" option in "Analysis and Synthesis Settings -> More Settings" to "Off".


+-----------------------------------------------------------------------------------------------------+
; Parameter Settings for Inferred Entity Instance: datapath:dp|scorehand:dealer_score|lpm_divide:Mod0 ;
+------------------------+----------------+-----------------------------------------------------------+
; Parameter Name         ; Value          ; Type                                                      ;
+------------------------+----------------+-----------------------------------------------------------+
; LPM_WIDTHN             ; 5              ; Untyped                                                   ;
; LPM_WIDTHD             ; 4              ; Untyped                                                   ;
; LPM_NREPRESENTATION    ; UNSIGNED       ; Untyped                                                   ;
; LPM_DREPRESENTATION    ; UNSIGNED       ; Untyped                                                   ;
; LPM_PIPELINE           ; 0              ; Untyped                                                   ;
; LPM_REMAINDERPOSITIVE  ; TRUE           ; Untyped                                                   ;
; MAXIMIZE_SPEED         ; 5              ; Untyped                                                   ;
; CBXI_PARAMETER         ; lpm_divide_52m ; Untyped                                                   ;
; CARRY_CHAIN            ; MANUAL         ; Untyped                                                   ;
; OPTIMIZE_FOR_SPEED     ; 5              ; Untyped                                                   ;
; AUTO_CARRY_CHAINS      ; ON             ; AUTO_CARRY                                                ;
; IGNORE_CARRY_BUFFERS   ; OFF            ; IGNORE_CARRY                                              ;
; AUTO_CASCADE_CHAINS    ; ON             ; AUTO_CASCADE                                              ;
; IGNORE_CASCADE_BUFFERS ; OFF            ; IGNORE_CASCADE                                            ;
+------------------------+----------------+-----------------------------------------------------------+
Note: In order to hide this table in the UI and the text report file, please set the "Show Parameter Settings in Synthesis Report" option in "Analysis and Synthesis Settings -> More Settings" to "Off".


+-----------------------------------------------------+
; Post-Synthesis Netlist Statistics for Top Partition ;
+-----------------------+-----------------------------+
; Type                  ; Count                       ;
+-----------------------+-----------------------------+
; arriav_ff             ; 31                          ;
;     ENA               ; 24                          ;
;     SCLR              ; 3                           ;
;     SLD               ; 1                           ;
;     plain             ; 3                           ;
; arriav_lcell_comb     ; 192                         ;
;     arith             ; 14                          ;
;         0 data inputs ; 4                           ;
;         1 data inputs ; 2                           ;
;         2 data inputs ; 4                           ;
;         3 data inputs ; 4                           ;
;     normal            ; 158                         ;
;         1 data inputs ; 43                          ;
;         2 data inputs ; 24                          ;
;         3 data inputs ; 16                          ;
;         4 data inputs ; 60                          ;
;         5 data inputs ; 6                           ;
;         6 data inputs ; 9                           ;
;     shared            ; 20                          ;
;         0 data inputs ; 4                           ;
;         1 data inputs ; 8                           ;
;         3 data inputs ; 8                           ;
; boundary_port         ; 57                          ;
;                       ;                             ;
; Max LUT depth         ; 9.80                        ;
; Average LUT depth     ; 6.36                        ;
+-----------------------+-----------------------------+


+-------------------------------+
; Elapsed Time Per Partition    ;
+----------------+--------------+
; Partition Name ; Elapsed Time ;
+----------------+--------------+
; Top            ; 00:00:01     ;
+----------------+--------------+


+-------------------------------+
; Analysis & Synthesis Messages ;
+-------------------------------+
Info: *******************************************************************
Info: Running Quartus Prime Analysis & Synthesis
    Info: Version 18.1.0 Build 625 09/12/2018 SJ Lite Edition
    Info: Processing started: Mon Sep 26 10:08:33 2022
Info: Command: quartus_map --read_settings_files=on --write_settings_files=off task4 -c task4
Warning (18236): Number of processors has not been specified which may cause overloading on shared machines.  Set the global assignment NUM_PARALLEL_PROCESSORS in your QSF to an appropriate value for best performance.
Info (20030): Parallel compilation is enabled and will use 6 of the 6 processors detected
Info (12021): Found 1 design units, including 1 entities, in source file 2022w1-lab1-johnye-ubc/task4/task4.sv
    Info (12023): Found entity 1: task4 File: C:/Users/weiya/OneDrive/Desktop/CPEN311/lab1/2022w1-lab1-JohnYe-ubc/task4/task4.sv Line: 5
Info (12021): Found 2 design units, including 2 entities, in source file 2022w1-lab1-johnye-ubc/task4/statemachine.sv
    Info (12023): Found entity 1: statemachine File: C:/Users/weiya/OneDrive/Desktop/CPEN311/lab1/2022w1-lab1-JohnYe-ubc/task4/statemachine.sv Line: 1
    Info (12023): Found entity 2: statesmachine File: C:/Users/weiya/OneDrive/Desktop/CPEN311/lab1/2022w1-lab1-JohnYe-ubc/task4/statemachine.sv Line: 193
Info (12021): Found 1 design units, including 1 entities, in source file 2022w1-lab1-johnye-ubc/task4/scorehand.sv
    Info (12023): Found entity 1: scorehand File: C:/Users/weiya/OneDrive/Desktop/CPEN311/lab1/2022w1-lab1-JohnYe-ubc/task4/scorehand.sv Line: 1
Info (12021): Found 1 design units, including 1 entities, in source file 2022w1-lab1-johnye-ubc/task4/dealcard.sv
    Info (12023): Found entity 1: dealcard File: C:/Users/weiya/OneDrive/Desktop/CPEN311/lab1/2022w1-lab1-JohnYe-ubc/task4/dealcard.sv Line: 4
Info (12021): Found 2 design units, including 2 entities, in source file 2022w1-lab1-johnye-ubc/task4/datapath.sv
    Info (12023): Found entity 1: datapath File: C:/Users/weiya/OneDrive/Desktop/CPEN311/lab1/2022w1-lab1-JohnYe-ubc/task4/datapath.sv Line: 1
    Info (12023): Found entity 2: bits4register File: C:/Users/weiya/OneDrive/Desktop/CPEN311/lab1/2022w1-lab1-JohnYe-ubc/task4/datapath.sv Line: 55
Info (12021): Found 1 design units, including 1 entities, in source file 2022w1-lab1-johnye-ubc/task4/card7seg.sv
    Info (12023): Found entity 1: card7seg File: C:/Users/weiya/OneDrive/Desktop/CPEN311/lab1/2022w1-lab1-JohnYe-ubc/task4/card7seg.sv Line: 1
Info (12127): Elaborating entity "task4" for the top level hierarchy
Info (12128): Elaborating entity "datapath" for hierarchy "datapath:dp" File: C:/Users/weiya/OneDrive/Desktop/CPEN311/lab1/2022w1-lab1-JohnYe-ubc/task4/task4.sv Line: 40
Warning (10034): Output port "pcard3_out" at datapath.sv(4) has no driver File: C:/Users/weiya/OneDrive/Desktop/CPEN311/lab1/2022w1-lab1-JohnYe-ubc/task4/datapath.sv Line: 4
Info (12128): Elaborating entity "dealcard" for hierarchy "datapath:dp|dealcard:New_card" File: C:/Users/weiya/OneDrive/Desktop/CPEN311/lab1/2022w1-lab1-JohnYe-ubc/task4/datapath.sv Line: 33
Info (12128): Elaborating entity "bits4register" for hierarchy "datapath:dp|bits4register:Load_pcard1" File: C:/Users/weiya/OneDrive/Desktop/CPEN311/lab1/2022w1-lab1-JohnYe-ubc/task4/datapath.sv Line: 35
Info (12128): Elaborating entity "card7seg" for hierarchy "datapath:dp|card7seg:display_pcard1" File: C:/Users/weiya/OneDrive/Desktop/CPEN311/lab1/2022w1-lab1-JohnYe-ubc/task4/datapath.sv Line: 43
Info (12128): Elaborating entity "scorehand" for hierarchy "datapath:dp|scorehand:player_score" File: C:/Users/weiya/OneDrive/Desktop/CPEN311/lab1/2022w1-lab1-JohnYe-ubc/task4/datapath.sv Line: 51
Warning (10230): Verilog HDL assignment warning at scorehand.sv(26): truncated value with size 32 to match size of target (5) File: C:/Users/weiya/OneDrive/Desktop/CPEN311/lab1/2022w1-lab1-JohnYe-ubc/task4/scorehand.sv Line: 26
Info (12128): Elaborating entity "statemachine" for hierarchy "statemachine:sm" File: C:/Users/weiya/OneDrive/Desktop/CPEN311/lab1/2022w1-lab1-JohnYe-ubc/task4/task4.sv Line: 59
Info (12128): Elaborating entity "statesmachine" for hierarchy "statemachine:sm|statesmachine:FSM" File: C:/Users/weiya/OneDrive/Desktop/CPEN311/lab1/2022w1-lab1-JohnYe-ubc/task4/statemachine.sv Line: 23
Info (278001): Inferred 2 megafunctions from design logic
    Info (278004): Inferred divider/modulo megafunction ("lpm_divide") from the following logic: "datapath:dp|scorehand:player_score|Mod0" File: C:/Users/weiya/OneDrive/Desktop/CPEN311/lab1/2022w1-lab1-JohnYe-ubc/task4/scorehand.sv Line: 26
    Info (278004): Inferred divider/modulo megafunction ("lpm_divide") from the following logic: "datapath:dp|scorehand:dealer_score|Mod0" File: C:/Users/weiya/OneDrive/Desktop/CPEN311/lab1/2022w1-lab1-JohnYe-ubc/task4/scorehand.sv Line: 26
Info (12130): Elaborated megafunction instantiation "datapath:dp|scorehand:player_score|lpm_divide:Mod0" File: C:/Users/weiya/OneDrive/Desktop/CPEN311/lab1/2022w1-lab1-JohnYe-ubc/task4/scorehand.sv Line: 26
Info (12133): Instantiated megafunction "datapath:dp|scorehand:player_score|lpm_divide:Mod0" with the following parameter: File: C:/Users/weiya/OneDrive/Desktop/CPEN311/lab1/2022w1-lab1-JohnYe-ubc/task4/scorehand.sv Line: 26
    Info (12134): Parameter "LPM_WIDTHN" = "5"
    Info (12134): Parameter "LPM_WIDTHD" = "4"
    Info (12134): Parameter "LPM_NREPRESENTATION" = "UNSIGNED"
    Info (12134): Parameter "LPM_DREPRESENTATION" = "UNSIGNED"
Info (12021): Found 1 design units, including 1 entities, in source file db/lpm_divide_52m.tdf
    Info (12023): Found entity 1: lpm_divide_52m File: C:/Users/weiya/OneDrive/Desktop/CPEN311/lab1/db/lpm_divide_52m.tdf Line: 24
Info (12021): Found 1 design units, including 1 entities, in source file db/sign_div_unsign_8kh.tdf
    Info (12023): Found entity 1: sign_div_unsign_8kh File: C:/Users/weiya/OneDrive/Desktop/CPEN311/lab1/db/sign_div_unsign_8kh.tdf Line: 24
Info (12021): Found 1 design units, including 1 entities, in source file db/alt_u_div_mse.tdf
    Info (12023): Found entity 1: alt_u_div_mse File: C:/Users/weiya/OneDrive/Desktop/CPEN311/lab1/db/alt_u_div_mse.tdf Line: 22
Info (286030): Timing-Driven Synthesis is running
Info (144001): Generated suppressed messages file C:/Users/weiya/OneDrive/Desktop/CPEN311/lab1/output_files/task4.map.smsg
Info (16010): Generating hard_block partition "hard_block:auto_generated_inst"
    Info (16011): Adding 0 node(s), including 0 DDIO, 0 PLL, 0 transceiver and 0 LCELL
Warning (21074): Design contains 2 input pin(s) that do not drive logic
    Warning (15610): No output dependent on input pin "KEY[1]" File: C:/Users/weiya/OneDrive/Desktop/CPEN311/lab1/2022w1-lab1-JohnYe-ubc/task4/task4.sv Line: 5
    Warning (15610): No output dependent on input pin "KEY[2]" File: C:/Users/weiya/OneDrive/Desktop/CPEN311/lab1/2022w1-lab1-JohnYe-ubc/task4/task4.sv Line: 5
Info (21057): Implemented 230 device resources after synthesis - the final resource count might be different
    Info (21058): Implemented 5 input pins
    Info (21059): Implemented 52 output pins
    Info (21061): Implemented 173 logic cells
Info: Quartus Prime Analysis & Synthesis was successful. 0 errors, 6 warnings
    Info: Peak virtual memory: 4860 megabytes
    Info: Processing ended: Mon Sep 26 10:08:46 2022
    Info: Elapsed time: 00:00:13
    Info: Total CPU time (on all processors): 00:00:25


+------------------------------------------+
; Analysis & Synthesis Suppressed Messages ;
+------------------------------------------+
The suppressed messages can be found in C:/Users/weiya/OneDrive/Desktop/CPEN311/lab1/output_files/task4.map.smsg.


