Flow report for task5
Sat Dec 03 18:21:48 2022
Quartus Prime Version 19.1.0 Build 670 09/22/2019 SJ Lite Edition


---------------------
; Table of Contents ;
---------------------
  1. Legal Notice
  2. Flow Summary
  3. Flow Settings
  4. Flow Non-Default Global Settings
  5. Flow Elapsed Time
  6. Flow OS Summary
  7. Flow Log
  8. Flow Messages
  9. Flow Suppressed Messages



----------------
; Legal Notice ;
----------------
Copyright (C) 2019  Intel Corporation. All rights reserved.
Your use of Intel Corporation's design tools, logic functions 
and other software and tools, and any partner logic 
functions, and any output files from any of the foregoing 
(including device programming or simulation files), and any 
associated documentation or information are expressly subject 
to the terms and conditions of the Intel Program License 
Subscription Agreement, the Intel Quartus Prime License Agreement,
the Intel FPGA IP License Agreement, or other applicable license
agreement, including, without limitation, that your use is for
the sole purpose of programming logic devices manufactured by
Intel and sold by Intel or its authorized distributors.  Please
refer to the applicable agreement for further details, at
https://fpgasoftware.intel.com/eula.



+-------------------------------------------------------------------------------+
; Flow Summary                                                                  ;
+---------------------------------+---------------------------------------------+
; Flow Status                     ; Successful - Sat Dec 03 18:21:48 2022       ;
; Quartus Prime Version           ; 19.1.0 Build 670 09/22/2019 SJ Lite Edition ;
; Revision Name                   ; task5                                       ;
; Top-level Entity Name           ; task5                                       ;
; Family                          ; Cyclone V                                   ;
; Device                          ; 5CSEMA5F31C6                                ;
; Timing Models                   ; Final                                       ;
; Logic utilization (in ALMs)     ; 1,168 / 32,070 ( 4 % )                      ;
; Total registers                 ; 1727                                        ;
; Total pins                      ; 133 / 457 ( 29 % )                          ;
; Total virtual pins              ; 0                                           ;
; Total block memory bits         ; 427,136 / 4,065,280 ( 11 % )                ;
; Total DSP Blocks                ; 0 / 87 ( 0 % )                              ;
; Total HSSI RX PCSs              ; 0                                           ;
; Total HSSI PMA RX Deserializers ; 0                                           ;
; Total HSSI TX PCSs              ; 0                                           ;
; Total HSSI PMA TX Serializers   ; 0                                           ;
; Total PLLs                      ; 2 / 6 ( 33 % )                              ;
; Total DLLs                      ; 0 / 4 ( 0 % )                               ;
+---------------------------------+---------------------------------------------+


+-----------------------------------------+
; Flow Settings                           ;
+-------------------+---------------------+
; Option            ; Setting             ;
+-------------------+---------------------+
; Start date & time ; 12/03/2022 18:19:40 ;
; Main task         ; Compilation         ;
; Revision Name     ; task5               ;
+-------------------+---------------------+


+---------------------------------------------------------------------------------------------------------------------------------------------------------------------------------+
; Flow Non-Default Global Settings                                                                                                                                                ;
+-------------------------------------+--------------------------------------------------------------------+---------------+------------------+-----------------------------------+
; Assignment Name                     ; Value                                                              ; Default Value ; Entity Name      ; Section Id                        ;
+-------------------------------------+--------------------------------------------------------------------+---------------+------------------+-----------------------------------+
; COMPILER_SIGNATURE_ID               ; 4863397197537.167012037922684                                      ; --            ; --               ; --                                ;
; EDA_GENERATE_FUNCTIONAL_NETLIST     ; Off                                                                ; --            ; --               ; eda_board_design_timing           ;
; EDA_GENERATE_FUNCTIONAL_NETLIST     ; Off                                                                ; --            ; --               ; eda_board_design_boundary_scan    ;
; EDA_GENERATE_FUNCTIONAL_NETLIST     ; Off                                                                ; --            ; --               ; eda_board_design_signal_integrity ;
; EDA_GENERATE_FUNCTIONAL_NETLIST     ; Off                                                                ; --            ; --               ; eda_board_design_symbol           ;
; EDA_OUTPUT_DATA_FORMAT              ; Verilog Hdl                                                        ; --            ; --               ; eda_simulation                    ;
; EDA_SIMULATION_TOOL                 ; ModelSim-Altera (Verilog)                                          ; <None>        ; --               ; --                                ;
; EDA_TIME_SCALE                      ; 1 ps                                                               ; --            ; --               ; eda_simulation                    ;
; MAX_CORE_JUNCTION_TEMP              ; 85                                                                 ; --            ; --               ; --                                ;
; MIN_CORE_JUNCTION_TEMP              ; 0                                                                  ; --            ; --               ; --                                ;
; MISC_FILE                           ; dnn_accel_system/synthesis/../dnn_accel_system.cmp                 ; --            ; --               ; --                                ;
; MISC_FILE                           ; dnn_accel_system/synthesis/../../dnn_accel_system.qsys             ; --            ; --               ; --                                ;
; PARTITION_COLOR                     ; -- (Not supported for targeted family)                             ; --            ; --               ; Top                               ;
; PARTITION_FITTER_PRESERVATION_LEVEL ; -- (Not supported for targeted family)                             ; --            ; --               ; Top                               ;
; PARTITION_NETLIST_TYPE              ; -- (Not supported for targeted family)                             ; --            ; --               ; Top                               ;
; POWER_BOARD_THERMAL_MODEL           ; None (CONSERVATIVE)                                                ; --            ; --               ; --                                ;
; POWER_PRESET_COOLING_SOLUTION       ; 23 MM HEAT SINK WITH 200 LFPM AIRFLOW                              ; --            ; --               ; --                                ;
; PROJECT_OUTPUT_DIRECTORY            ; output_files                                                       ; --            ; --               ; --                                ;
; SLD_FILE                            ; dnn_accel_system/synthesis/dnn_accel_system.regmap                 ; --            ; --               ; --                                ;
; SLD_FILE                            ; dnn_accel_system/synthesis/dnn_accel_system.debuginfo              ; --            ; --               ; --                                ;
; SLD_INFO                            ; QSYS_NAME dnn_accel_system HAS_SOPCINFO 1 GENERATION_ID 1670120230 ; --            ; dnn_accel_system ; --                                ;
; SOPCINFO_FILE                       ; dnn_accel_system/synthesis/../../dnn_accel_system.sopcinfo         ; --            ; --               ; --                                ;
; SYNTHESIS_ONLY_QIP                  ; On                                                                 ; --            ; --               ; --                                ;
+-------------------------------------+--------------------------------------------------------------------+---------------+------------------+-----------------------------------+


+--------------------------------------------------------------------------------------------------------------------------+
; Flow Elapsed Time                                                                                                        ;
+----------------------+--------------+-------------------------+---------------------+------------------------------------+
; Module Name          ; Elapsed Time ; Average Processors Used ; Peak Virtual Memory ; Total CPU Time (on all processors) ;
+----------------------+--------------+-------------------------+---------------------+------------------------------------+
; Analysis & Synthesis ; 00:00:24     ; 1.0                     ; 5022 MB             ; 00:00:41                           ;
; Fitter               ; 00:01:18     ; 1.2                     ; 7246 MB             ; 00:04:07                           ;
; Assembler            ; 00:00:06     ; 1.0                     ; 4899 MB             ; 00:00:06                           ;
; Timing Analyzer      ; 00:00:11     ; 1.8                     ; 5405 MB             ; 00:00:18                           ;
; EDA Netlist Writer   ; 00:00:02     ; 1.0                     ; 4868 MB             ; 00:00:02                           ;
; Total                ; 00:02:01     ; --                      ; --                  ; 00:05:14                           ;
+----------------------+--------------+-------------------------+---------------------+------------------------------------+


+------------------------------------------------------------------------------------+
; Flow OS Summary                                                                    ;
+----------------------+------------------+------------+------------+----------------+
; Module Name          ; Machine Hostname ; OS Name    ; OS Version ; Processor type ;
+----------------------+------------------+------------+------------+----------------+
; Analysis & Synthesis ; DESKTOP-DAG1BGJ  ; Windows 10 ; 10.0       ; x86_64         ;
; Fitter               ; DESKTOP-DAG1BGJ  ; Windows 10 ; 10.0       ; x86_64         ;
; Assembler            ; DESKTOP-DAG1BGJ  ; Windows 10 ; 10.0       ; x86_64         ;
; Timing Analyzer      ; DESKTOP-DAG1BGJ  ; Windows 10 ; 10.0       ; x86_64         ;
; EDA Netlist Writer   ; DESKTOP-DAG1BGJ  ; Windows 10 ; 10.0       ; x86_64         ;
+----------------------+------------------+------------+------------+----------------+


------------
; Flow Log ;
------------
quartus_map --read_settings_files=on --write_settings_files=off task5 -c task5
quartus_fit --read_settings_files=off --write_settings_files=off task5 -c task5
quartus_asm --read_settings_files=off --write_settings_files=off task5 -c task5
quartus_sta task5 -c task5
quartus_eda --read_settings_files=off --write_settings_files=off task5 -c task5



